14:45:15 **** Incremental Build of configuration Debug for project measure_duty_cycle ****
make all 
Building file: ../duty.c
Invoking: AVR Compiler
avr-gcc -Wall -g2 -gstabs -O0 -fpack-struct -fshort-enums -ffunction-sections -fdata-sections -std=gnu99 -funsigned-char -funsigned-bitfields -mmcu=atmega16 -DF_CPU=1000000UL -MMD -MP -MF"duty.d" -MT"duty.o" -c -o "duty.o" "../duty.c"
../duty.c:13:1: warning: "F_CPU" redefined
<command-line>: warning: this is the location of the previous definition
In file included from ../micro_config.h:22,
                 from ../lcd.h:18,
                 from ../duty.c:14:
c:/winavr-20100110/lib/gcc/../../avr/include/util/delay.h:90:3: warning: #warning "Compiler optimizations disabled; functions from <util/delay.h> won't work as designed"
Finished building: ../duty.c
 
Building file: ../lcd.c
Invoking: AVR Compiler
avr-gcc -Wall -g2 -gstabs -O0 -fpack-struct -fshort-enums -ffunction-sections -fdata-sections -std=gnu99 -funsigned-char -funsigned-bitfields -mmcu=atmega16 -DF_CPU=1000000UL -MMD -MP -MF"lcd.d" -MT"lcd.o" -c -o "lcd.o" "../lcd.c"
In file included from ../micro_config.h:22,
                 from ../lcd.h:18,
                 from ../lcd.c:13:
c:/winavr-20100110/lib/gcc/../../avr/include/util/delay.h:90:3: warning: #warning "Compiler optimizations disabled; functions from <util/delay.h> won't work as designed"
../lcd.c: In function 'LCD_intgerToString':
../lcd.c:107: warning: implicit declaration of function 'itoa'
Finished building: ../lcd.c
 
Building target: measure_duty_cycle.elf
Invoking: AVR C Linker
avr-gcc -Wl,-Map,measure_duty_cycle.map -mmcu=atmega16 -o "measure_duty_cycle.elf"  ./duty.o ./lcd.o   
Finished building target: measure_duty_cycle.elf
 
Invoking: AVR Create Extended Listing
avr-objdump -h -S measure_duty_cycle.elf  >"measure_duty_cycle.lss"
Finished building: measure_duty_cycle.lss
 
Invoking: Print Size
avr-size --format=avr --mcu=atmega16 measure_duty_cycle.elf
AVR Memory Usage
----------------
Device: atmega16

Program:    7148 bytes (43.6% Full)
(.text + .data + .bootloader)

Data:        279 bytes (27.2% Full)
(.data + .bss + .noinit)


Finished building: sizedummy
 

14:45:17 Build Finished. 0 errors, 4 warnings. (took 1s.368ms)

