17:42:29 **** Incremental Build of configuration Debug for project Project ****
make all 
Building file: ../7segProj.c
Invoking: AVR Compiler
avr-gcc -Wall -g2 -gstabs -O0 -fpack-struct -fshort-enums -ffunction-sections -fdata-sections -std=gnu99 -funsigned-char -funsigned-bitfields -mmcu=atmega16 -DF_CPU=1000000UL -MMD -MP -MF"7segProj.d" -MT"7segProj.o" -c -o "7segProj.o" "../7segProj.c"
In file included from ../7segProj.c:10:
c:/winavr-20100110/lib/gcc/../../avr/include/util/delay.h:90:3: warning: #warning "Compiler optimizations disabled; functions from <util/delay.h> won't work as designed"
Finished building: ../7segProj.c
 
Building target: Project.elf
Invoking: AVR C Linker
avr-gcc -Wl,-Map,Project.map -mmcu=atmega16 -o "Project.elf"  ./7segProj.o   
Finished building target: Project.elf
 
Invoking: AVR Create Extended Listing
avr-objdump -h -S Project.elf  >"Project.lss"
Finished building: Project.lss
 
Invoking: Print Size
avr-size --format=avr --mcu=atmega16 Project.elf
AVR Memory Usage
----------------
Device: atmega16

Program:    5500 bytes (33.6% Full)
(.text + .data + .bootloader)

Data:         14 bytes (1.4% Full)
(.data + .bss + .noinit)


Finished building: sizedummy
 

17:42:42 Build Finished. 0 errors, 1 warnings. (took 13s.161ms)

